T1E08 000:001.219   SEGGER J-Link V9.14a Log File
T1E08 000:001.350   DLL Compiled: Jan 28 2026 17:11:52
T1E08 000:001.354   Logging started @ 2026-07-03 08:25
T1E08 000:001.358   Process: C:\Users\ËÎ˝őÁë\.eclipse\com.renesas.platform_378779733\DebugComp\RA\e2-server-gdb.exe
T1E08 000:001.368 - 1.362ms 
T1E08 000:001.380 JLINK_GetDLLVersion()
T1E08 000:001.383 - 0.005ms returns 91401
T1E08 000:019.920 JLINK_OpenEx(...)
T1E08 000:026.673   Firmware: J-Link OB-RA4M2 compiled Dec 10 2025 15:52:53
T1E08 000:027.253   Firmware: J-Link OB-RA4M2 compiled Dec 10 2025 15:52:53
T1E08 000:046.257   Hardware: V1.00
T1E08 000:046.273   S/N: 1080279270
T1E08 000:046.280   OEM: SEGGER
T1E08 000:046.291   Feature(s): None
T1E08 000:046.746   Bootloader: 2021 May 14
T1E08 000:047.061   USB speed mode: Full speed (12 MBit/s)
T1E08 000:047.357   TELNET listener socket opened on port 19021
T1E08 000:047.470   WEBSRV WEBSRV_Init(): Starting webserver thread(s)
T1E08 000:047.675   WEBSRV Webserver running on local port 19080
T1E08 000:047.798   Looking for J-Link GUI Server exe at: C:\Users\ËÎ˝őÁë\.eclipse\com.renesas.platform_378779733\DebugComp\RA\ARM\Segger_v9.14.1\JLinkGUIServer.exe
T1E08 000:047.880   Looking for J-Link GUI Server exe at: E:\CCS_TI\JLink_V850\JLinkGUIServer.exe
T1E08 000:047.894   Forking J-Link GUI Server: E:\CCS_TI\JLink_V850\JLinkGUIServer.exe
T1E08 000:156.265   J-Link GUI Server info: "J-Link GUI server V8.50 "
T1E08 000:157.984 - 138.062ms returns "O.K."
T1E08 000:158.054 JLINK_TIF_Select(JLINKARM_TIF_SWD)
T1E08 000:158.655 - 0.601ms returns 0x00
T1E08 000:158.672 JLINK_ClrRESET()
T1E08 000:158.826 - 0.153ms 
T1E08 000:209.963 JLINK_SetSpeed(1500)
T1E08 000:210.140 - 0.181ms 
T1E08 000:210.151 JLINK_CORESIGHT_Configure(PerformTIFInit=0)
T1E08 000:210.606 - 0.457ms returns 0
T1E08 000:210.623 JLINK_CORESIGHT_ReadAPDPReg(DP reg 0x00)
T1E08 000:211.053   Value=0x6BA02477
T1E08 000:211.061 - 0.441ms returns 0
T1E08 000:211.071 JLINK_CORESIGHT_WriteAPDPReg(DP reg 0x00, 0x0000001F)
T1E08 000:211.262 - 0.191ms returns 0
T1E08 000:211.270 JLINK_CORESIGHT_ReadAPDPReg(DP reg 0x00)
T1E08 000:211.489   Value=0x6BA02477
T1E08 000:211.495 - 0.225ms returns 0
T1E08 000:211.501 JLINK_CORESIGHT_WriteAPDPReg(DP reg 0x02, 0x00000000)
T1E08 000:211.694 - 0.192ms returns 0
T1E08 000:211.699 JLINK_CORESIGHT_WriteAPDPReg(DP reg 0x01, 0x50000000)
T1E08 000:211.870 - 0.171ms returns 0
T1E08 000:211.877 JLINK_CORESIGHT_ReadAPDPReg(DP reg 0x01)
T1E08 000:212.057   Value=0xF0000000
T1E08 000:212.063 - 0.185ms returns 0
T1E08 000:212.068 JLINK_CORESIGHT_WriteAPDPReg(DP reg 0x00, 0x0000001F)
T1E08 000:212.245 - 0.176ms returns 0
T1E08 000:212.265 JLINK_CORESIGHT_ReadAPDPReg(DP reg 0x00)
T1E08 000:212.487   Value=0x6BA02477
T1E08 000:212.504 - 0.238ms returns 0
T1E08 000:212.514 JLINK_CORESIGHT_WriteAPDPReg(DP reg 0x01, 0x54000000)
T1E08 000:212.745 - 0.231ms returns 0
T1E08 000:212.764 JLINK_CORESIGHT_WriteAPDPReg(DP reg 0x01, 0x50000F00)
T1E08 000:213.001 - 0.237ms returns 0
T1E08 000:213.014 JLINK_CORESIGHT_WriteAPDPReg(DP reg 0x02, 0x01000000)
T1E08 000:213.238 - 0.224ms returns 0
T1E08 000:213.247 JLINK_CORESIGHT_WriteAPDPReg(AP reg 0x00, 0x80000002)
T1E08 000:213.436 - 0.189ms returns 0
T1E08 000:213.444 JLINK_CORESIGHT_WriteAPDPReg(AP reg 0x01, 0x80011100)
T1E08 000:213.638 - 0.194ms returns 0
T1E08 000:213.647 JLINK_CORESIGHT_WriteAPDPReg(AP reg 0x03, 0x000000A5)
T1E08 000:213.822 - 0.176ms returns 0
T1E08 000:213.828 JLINK_CORESIGHT_WriteAPDPReg(AP reg 0x00, 0x80000002)
T1E08 000:214.006 - 0.178ms returns 0
T1E08 000:214.011 JLINK_CORESIGHT_WriteAPDPReg(AP reg 0x01, 0x80011100)
T1E08 000:214.238 - 0.226ms returns 0
T1E08 000:214.243 JLINK_CORESIGHT_ReadAPDPReg(AP reg 0x03)
T1E08 000:214.471   Value=0x000000A5
T1E08 000:214.477 - 0.233ms returns 0
T1E08 000:214.483 JLINK_ClrTMS()
T1E08 000:214.526 - 0.043ms 
T1E08 000:220.127 JLINK_SetTCK()
T1E08 000:220.235 - 0.107ms returns 0
T1E08 000:226.157 JLINK_SetRESET()
T1E08 000:226.272 - 0.114ms 
T1E08 000:426.902 JLINK_CORESIGHT_WriteAPDPReg(AP reg 0x00, 0x80000002)
T1E08 000:427.326 - 0.424ms returns 0
T1E08 000:427.345 JLINK_CORESIGHT_WriteAPDPReg(AP reg 0x01, 0x80011100)
T1E08 000:427.598 - 0.252ms returns 0
T1E08 000:427.607 JLINK_CORESIGHT_ReadAPDPReg(AP reg 0x03)
T1E08 000:427.943   Value=0x00000000
T1E08 000:427.958 - 0.351ms returns 0
T1E08 000:427.970 JLINK_CORESIGHT_WriteAPDPReg(AP reg 0x00, 0x80000002)
T1E08 000:428.193 - 0.223ms returns 0
T1E08 000:428.210 JLINK_CORESIGHT_WriteAPDPReg(AP reg 0x01, 0x80011140)
T1E08 000:428.403 - 0.194ms returns 0
T1E08 000:428.413 JLINK_CORESIGHT_ReadAPDPReg(AP reg 0x03)
T1E08 000:428.652   Value=0x00000002
T1E08 000:428.658 - 0.244ms returns 0
T1E08 000:428.663 JLINK_CORESIGHT_WriteAPDPReg(AP reg 0x00, 0x80000002)
T1E08 000:428.843 - 0.179ms returns 0
T1E08 000:428.848 JLINK_CORESIGHT_WriteAPDPReg(AP reg 0x01, 0x80011120)
T1E08 000:429.018 - 0.169ms returns 0
T1E08 000:429.023 JLINK_CORESIGHT_WriteAPDPReg(AP reg 0x03, 0x00000055)
T1E08 000:429.248 - 0.224ms returns 0
T1E08 000:429.254 JLINK_CORESIGHT_WriteAPDPReg(AP reg 0x00, 0x80000002)
T1E08 000:429.431 - 0.177ms returns 0
T1E08 000:429.436 JLINK_CORESIGHT_WriteAPDPReg(AP reg 0x01, 0x80011140)
T1E08 000:429.621 - 0.185ms returns 0
T1E08 000:429.627 JLINK_CORESIGHT_ReadAPDPReg(AP reg 0x03)
T1E08 000:429.860   Value=0x00000002
T1E08 000:429.865 - 0.238ms returns 0
T1E08 000:429.870 JLINK_CORESIGHT_ReadAPDPReg(AP reg 0x03)
T1E08 000:430.199   Value=0x00000002
T1E08 000:430.215 - 0.344ms returns 0
T1E08 000:430.226 JLINK_CORESIGHT_ReadAPDPReg(AP reg 0x03)
T1E08 000:430.472   Value=0x00000002
T1E08 000:430.478 - 0.252ms returns 0
T1E08 000:430.483 JLINK_CORESIGHT_ReadAPDPReg(AP reg 0x03)
T1E08 000:430.713   Value=0x00000002
T1E08 000:430.718 - 0.235ms returns 0
T1E08 000:430.723 JLINK_CORESIGHT_ReadAPDPReg(AP reg 0x03)
T1E08 000:430.946   Value=0x00000002
T1E08 000:430.952 - 0.228ms returns 0
T1E08 000:430.957 JLINK_CORESIGHT_ReadAPDPReg(AP reg 0x03)
T1E08 000:431.179   Value=0x00000002
T1E08 000:431.184 - 0.227ms returns 0
T1E08 000:431.189 JLINK_CORESIGHT_ReadAPDPReg(AP reg 0x03)
T1E08 000:431.409   Value=0x00000002
T1E08 000:431.414 - 0.225ms returns 0
T1E08 000:431.419 JLINK_CORESIGHT_ReadAPDPReg(AP reg 0x03)
T1E08 000:431.642   Value=0x00000002
T1E08 000:431.648 - 0.228ms returns 0
T1E08 000:431.653 JLINK_CORESIGHT_ReadAPDPReg(AP reg 0x03)
T1E08 000:431.877   Value=0x00000002
T1E08 000:431.882 - 0.229ms returns 0
T1E08 000:431.887 JLINK_CORESIGHT_ReadAPDPReg(AP reg 0x03)
T1E08 000:432.110   Value=0x00000002
T1E08 000:432.115 - 0.228ms returns 0
T1E08 000:432.120 JLINK_CORESIGHT_ReadAPDPReg(AP reg 0x03)
T1E08 000:432.418   Value=0x00000002
T1E08 000:432.434 - 0.313ms returns 0
T1E08 000:432.445 JLINK_CORESIGHT_ReadAPDPReg(AP reg 0x03)
T1E08 000:432.699   Value=0x00000002
T1E08 000:432.709 - 0.264ms returns 0
T1E08 000:432.716 JLINK_CORESIGHT_ReadAPDPReg(AP reg 0x03)
T1E08 000:432.955   Value=0x00000002
T1E08 000:432.961 - 0.245ms returns 0
T1E08 000:432.967 JLINK_CORESIGHT_ReadAPDPReg(AP reg 0x03)
T1E08 000:433.250   Value=0x00000002
T1E08 000:433.255 - 0.288ms returns 0
T1E08 000:433.260 JLINK_CORESIGHT_ReadAPDPReg(AP reg 0x03)
T1E08 000:433.485   Value=0x00000002
T1E08 000:433.491 - 0.230ms returns 0
T1E08 000:433.496 JLINK_CORESIGHT_ReadAPDPReg(AP reg 0x03)
T1E08 000:433.710   Value=0x00000002
T1E08 000:433.716 - 0.220ms returns 0
T1E08 000:433.721 JLINK_CORESIGHT_ReadAPDPReg(AP reg 0x03)
T1E08 000:433.934   Value=0x00000002
T1E08 000:433.940 - 0.219ms returns 0
T1E08 000:433.945 JLINK_CORESIGHT_ReadAPDPReg(AP reg 0x03)
T1E08 000:434.158   Value=0x00000002
T1E08 000:434.163 - 0.218ms returns 0
T1E08 000:434.169 JLINK_CORESIGHT_ReadAPDPReg(AP reg 0x03)
T1E08 000:434.400   Value=0x00000002
T1E08 000:434.406 - 0.237ms returns 0
T1E08 000:434.412 JLINK_CORESIGHT_ReadAPDPReg(AP reg 0x03)
T1E08 000:434.629   Value=0x00000002
T1E08 000:434.635 - 0.223ms returns 0
T1E08 000:434.640 JLINK_CORESIGHT_ReadAPDPReg(AP reg 0x03)
T1E08 000:434.876   Value=0x00000002
T1E08 000:434.882 - 0.242ms returns 0
T1E08 000:434.890 JLINK_CORESIGHT_ReadAPDPReg(AP reg 0x03)
T1E08 000:435.119   Value=0x00000002
T1E08 000:435.125 - 0.234ms returns 0
T1E08 000:435.130 JLINK_CORESIGHT_ReadAPDPReg(AP reg 0x03)
T1E08 000:435.406   Value=0x00000002
T1E08 000:435.415 - 0.284ms returns 0
T1E08 000:435.422 JLINK_CORESIGHT_ReadAPDPReg(AP reg 0x03)
T1E08 000:435.657   Value=0x00000002
T1E08 000:435.663 - 0.241ms returns 0
T1E08 000:435.668 JLINK_CORESIGHT_ReadAPDPReg(AP reg 0x03)
T1E08 000:435.885   Value=0x00000002
T1E08 000:435.891 - 0.222ms returns 0
T1E08 000:435.896 JLINK_CORESIGHT_ReadAPDPReg(AP reg 0x03)
T1E08 000:436.238   Value=0x00000002
T1E08 000:436.244 - 0.348ms returns 0
T1E08 000:436.249 JLINK_CORESIGHT_ReadAPDPReg(AP reg 0x03)
T1E08 000:436.463   Value=0x00000002
T1E08 000:436.469 - 0.219ms returns 0
T1E08 000:436.474 JLINK_CORESIGHT_ReadAPDPReg(AP reg 0x03)
T1E08 000:436.694   Value=0x00000002
T1E08 000:436.699 - 0.225ms returns 0
T1E08 000:436.705 JLINK_CORESIGHT_ReadAPDPReg(AP reg 0x03)
T1E08 000:436.919   Value=0x00000002
T1E08 000:436.925 - 0.220ms returns 0
T1E08 000:436.930 JLINK_CORESIGHT_ReadAPDPReg(AP reg 0x03)
T1E08 000:437.152   Value=0x00000002
T1E08 000:437.157 - 0.227ms returns 0
T1E08 000:437.162 JLINK_CORESIGHT_ReadAPDPReg(AP reg 0x03)
T1E08 000:437.405   Value=0x00000002
T1E08 000:437.413 - 0.251ms returns 0
T1E08 000:437.418 JLINK_CORESIGHT_ReadAPDPReg(AP reg 0x03)
T1E08 000:437.658   Value=0x00000002
T1E08 000:437.664 - 0.245ms returns 0
T1E08 000:437.669 JLINK_CORESIGHT_ReadAPDPReg(AP reg 0x03)
T1E08 000:437.891   Value=0x00000002
T1E08 000:437.897 - 0.227ms returns 0
T1E08 000:437.902 JLINK_CORESIGHT_ReadAPDPReg(AP reg 0x03)
T1E08 000:438.126   Value=0x00000002
T1E08 000:438.132 - 0.230ms returns 0
T1E08 000:438.137 JLINK_CORESIGHT_ReadAPDPReg(AP reg 0x03)
T1E08 000:438.400   Value=0x00000002
T1E08 000:438.406 - 0.268ms returns 0
T1E08 000:438.411 JLINK_CORESIGHT_ReadAPDPReg(AP reg 0x03)
T1E08 000:438.626   Value=0x00000002
T1E08 000:438.632 - 0.221ms returns 0
T1E08 000:438.637 JLINK_CORESIGHT_ReadAPDPReg(AP reg 0x03)
T1E08 000:438.859   Value=0x00000002
T1E08 000:438.865 - 0.228ms returns 0
T1E08 000:438.870 JLINK_CORESIGHT_ReadAPDPReg(AP reg 0x03)
T1E08 000:439.087   Value=0x00000002
T1E08 000:439.093 - 0.222ms returns 0
T1E08 000:439.098 JLINK_CORESIGHT_ReadAPDPReg(AP reg 0x03)
T1E08 000:439.330   Value=0x00000002
T1E08 000:439.336 - 0.238ms returns 0
T1E08 000:439.341 JLINK_CORESIGHT_ReadAPDPReg(AP reg 0x03)
T1E08 000:439.609   Value=0x00000002
T1E08 000:439.615 - 0.274ms returns 0
T1E08 000:439.624 JLINK_CORESIGHT_ReadAPDPReg(AP reg 0x03)
T1E08 000:439.885   Value=0x00000002
T1E08 000:439.890 - 0.266ms returns 0
T1E08 000:439.898 JLINK_CORESIGHT_ReadAPDPReg(AP reg 0x03)
T1E08 000:440.161   Value=0x00000002
T1E08 000:440.167 - 0.269ms returns 0
T1E08 000:440.174 JLINK_CORESIGHT_ReadAPDPReg(AP reg 0x03)
T1E08 000:440.437   Value=0x00000002
T1E08 000:440.442 - 0.268ms returns 0
T1E08 000:440.449 JLINK_CORESIGHT_ReadAPDPReg(AP reg 0x03)
T1E08 000:440.721   Value=0x00000000
T1E08 000:440.726 - 0.277ms returns 0
T1E08 000:440.733 JLINK_CORESIGHT_WriteAPDPReg(AP reg 0x00, 0x80000002)
T1E08 000:440.957 - 0.224ms returns 0
T1E08 000:440.964 JLINK_CORESIGHT_WriteAPDPReg(AP reg 0x01, 0x80011130)
T1E08 000:441.249 - 0.285ms returns 0
T1E08 000:441.257 JLINK_CORESIGHT_ReadAPDPReg(AP reg 0x03)
T1E08 000:441.537   Value=0x000000C6
T1E08 000:441.542 - 0.285ms returns 0
T1E08 000:441.992 JLINK_CORESIGHT_WriteAPDPReg(AP reg 0x00, 0x80000002)
T1E08 000:442.235 - 0.243ms returns 0
T1E08 000:442.241 JLINK_CORESIGHT_WriteAPDPReg(AP reg 0x01, 0x80011140)
T1E08 000:442.422 - 0.181ms returns 0
T1E08 000:442.428 JLINK_CORESIGHT_ReadAPDPReg(AP reg 0x03)
T1E08 000:442.660   Value=0x00000002
T1E08 000:442.665 - 0.237ms returns 0
T1E08 000:442.671 JLINK_CORESIGHT_WriteAPDPReg(AP reg 0x00, 0x80000002)
T1E08 000:442.845 - 0.174ms returns 0
T1E08 000:442.851 JLINK_CORESIGHT_WriteAPDPReg(AP reg 0x01, 0x80011120)
T1E08 000:443.032 - 0.181ms returns 0
T1E08 000:443.043 JLINK_CORESIGHT_WriteAPDPReg(AP reg 0x03, 0x3A010001)
T1E08 000:443.252 - 0.209ms returns 0
T1E08 000:443.261 JLINK_CORESIGHT_WriteAPDPReg(AP reg 0x00, 0x80000002)
T1E08 000:443.440 - 0.179ms returns 0
T1E08 000:443.448 JLINK_CORESIGHT_WriteAPDPReg(AP reg 0x01, 0x80011140)
T1E08 000:443.634 - 0.186ms returns 0
T1E08 000:443.642 JLINK_CORESIGHT_ReadAPDPReg(AP reg 0x03)
T1E08 000:443.880   Value=0x00000002
T1E08 000:443.889 - 0.246ms returns 0
T1E08 000:443.896 JLINK_CORESIGHT_WriteAPDPReg(AP reg 0x00, 0x80000002)
T1E08 000:444.091 - 0.195ms returns 0
T1E08 000:444.100 JLINK_CORESIGHT_WriteAPDPReg(AP reg 0x01, 0x80011120)
T1E08 000:444.274 - 0.174ms returns 0
T1E08 000:444.279 JLINK_CORESIGHT_WriteAPDPReg(AP reg 0x03, 0x000003C5)
T1E08 000:444.452 - 0.173ms returns 0
T1E08 000:444.458 JLINK_CORESIGHT_WriteAPDPReg(AP reg 0x00, 0x80000002)
T1E08 000:444.635 - 0.177ms returns 0
T1E08 000:444.640 JLINK_CORESIGHT_WriteAPDPReg(AP reg 0x01, 0x80011140)
T1E08 000:444.812 - 0.171ms returns 0
T1E08 000:444.817 JLINK_CORESIGHT_ReadAPDPReg(AP reg 0x03)
T1E08 000:445.044   Value=0x00000002
T1E08 000:445.049 - 0.232ms returns 0
T1E08 000:445.055 JLINK_CORESIGHT_ReadAPDPReg(AP reg 0x03)
T1E08 000:445.274   Value=0x00000002
T1E08 000:445.280 - 0.225ms returns 0
T1E08 000:445.285 JLINK_CORESIGHT_ReadAPDPReg(AP reg 0x03)
T1E08 000:445.502   Value=0x00000002
T1E08 000:445.508 - 0.223ms returns 0
T1E08 000:445.513 JLINK_CORESIGHT_ReadAPDPReg(AP reg 0x03)
T1E08 000:445.739   Value=0x00000002
T1E08 000:445.744 - 0.231ms returns 0
T1E08 000:445.749 JLINK_CORESIGHT_ReadAPDPReg(AP reg 0x03)
T1E08 000:445.970   Value=0x00000002
T1E08 000:445.976 - 0.226ms returns 0
T1E08 000:445.981 JLINK_CORESIGHT_ReadAPDPReg(AP reg 0x03)
T1E08 000:446.249   Value=0x00000002
T1E08 000:446.254 - 0.273ms returns 0
T1E08 000:446.259 JLINK_CORESIGHT_ReadAPDPReg(AP reg 0x03)
T1E08 000:446.483   Value=0x00000000
T1E08 000:446.489 - 0.229ms returns 0
T1E08 000:446.494 JLINK_CORESIGHT_WriteAPDPReg(AP reg 0x00, 0x80000002)
T1E08 000:446.671 - 0.177ms returns 0
T1E08 000:446.677 JLINK_CORESIGHT_WriteAPDPReg(AP reg 0x01, 0x80011130)
T1E08 000:446.861 - 0.184ms returns 0
T1E08 000:446.866 JLINK_CORESIGHT_ReadAPDPReg(AP reg 0x03)
T1E08 000:447.098   Value=0x3A2A0081
T1E08 000:447.103 - 0.237ms returns 0
T1E08 000:447.108 JLINK_CORESIGHT_WriteAPDPReg(AP reg 0x00, 0x80000002)
T1E08 000:447.285 - 0.177ms returns 0
T1E08 000:447.291 JLINK_CORESIGHT_WriteAPDPReg(AP reg 0x01, 0x80011140)
T1E08 000:447.468 - 0.176ms returns 0
T1E08 000:447.474 JLINK_CORESIGHT_ReadAPDPReg(AP reg 0x03)
T1E08 000:447.721   Value=0x00000000
T1E08 000:447.726 - 0.252ms returns 0
T1E08 000:447.732 JLINK_CORESIGHT_WriteAPDPReg(AP reg 0x00, 0x80000002)
T1E08 000:447.910 - 0.178ms returns 0
T1E08 000:447.915 JLINK_CORESIGHT_WriteAPDPReg(AP reg 0x01, 0x80011130)
T1E08 000:448.090 - 0.174ms returns 0
T1E08 000:448.095 JLINK_CORESIGHT_ReadAPDPReg(AP reg 0x03)
T1E08 000:448.338   Value=0x808D5B00
T1E08 000:448.353 - 0.257ms returns 0
T1E08 000:448.363 JLINK_CORESIGHT_WriteAPDPReg(AP reg 0x00, 0x80000002)
T1E08 000:448.554 - 0.191ms returns 0
T1E08 000:448.562 JLINK_CORESIGHT_WriteAPDPReg(AP reg 0x01, 0x80011140)
T1E08 000:448.736 - 0.174ms returns 0
T1E08 000:448.742 JLINK_CORESIGHT_ReadAPDPReg(AP reg 0x03)
T1E08 000:448.971   Value=0x00000000
T1E08 000:448.976 - 0.234ms returns 0
T1E08 000:448.982 JLINK_CORESIGHT_WriteAPDPReg(AP reg 0x00, 0x80000002)
T1E08 000:449.152 - 0.170ms returns 0
T1E08 000:449.157 JLINK_CORESIGHT_WriteAPDPReg(AP reg 0x01, 0x80011130)
T1E08 000:449.362 - 0.204ms returns 0
T1E08 000:449.368 JLINK_CORESIGHT_ReadAPDPReg(AP reg 0x03)
T1E08 000:449.591   Value=0x0406070A
T1E08 000:449.597 - 0.228ms returns 0
T1E08 000:449.602 JLINK_CORESIGHT_WriteAPDPReg(AP reg 0x00, 0x80000002)
T1E08 000:449.776 - 0.174ms returns 0
T1E08 000:449.782 JLINK_CORESIGHT_WriteAPDPReg(AP reg 0x01, 0x80011140)
T1E08 000:449.952 - 0.170ms returns 0
T1E08 000:449.958 JLINK_CORESIGHT_ReadAPDPReg(AP reg 0x03)
T1E08 000:450.249   Value=0x00000000
T1E08 000:450.256 - 0.298ms returns 0
T1E08 000:450.262 JLINK_CORESIGHT_WriteAPDPReg(AP reg 0x00, 0x80000002)
T1E08 000:450.436 - 0.174ms returns 0
T1E08 000:450.442 JLINK_CORESIGHT_WriteAPDPReg(AP reg 0x01, 0x80011130)
T1E08 000:450.617 - 0.175ms returns 0
T1E08 000:450.623 JLINK_CORESIGHT_ReadAPDPReg(AP reg 0x03)
T1E08 000:450.846   Value=0x3254540B
T1E08 000:450.851 - 0.228ms returns 0
T1E08 000:450.857 JLINK_CORESIGHT_WriteAPDPReg(AP reg 0x00, 0x80000002)
T1E08 000:451.033 - 0.177ms returns 0
T1E08 000:451.039 JLINK_CORESIGHT_WriteAPDPReg(AP reg 0x01, 0x80011140)
T1E08 000:451.249 - 0.209ms returns 0
T1E08 000:451.254 JLINK_CORESIGHT_ReadAPDPReg(AP reg 0x03)
T1E08 000:451.484   Value=0x00000000
T1E08 000:451.490 - 0.235ms returns 0
T1E08 000:451.495 JLINK_CORESIGHT_WriteAPDPReg(AP reg 0x00, 0x80000002)
T1E08 000:451.671 - 0.176ms returns 0
T1E08 000:451.677 JLINK_CORESIGHT_WriteAPDPReg(AP reg 0x01, 0x80011130)
T1E08 000:451.861 - 0.184ms returns 0
T1E08 000:451.867 JLINK_CORESIGHT_ReadAPDPReg(AP reg 0x03)
T1E08 000:452.096   Value=0x544CE459
T1E08 000:452.101 - 0.234ms returns 0
T1E08 000:452.106 JLINK_CORESIGHT_WriteAPDPReg(AP reg 0x00, 0x80000002)
T1E08 000:452.283 - 0.177ms returns 0
T1E08 000:452.289 JLINK_CORESIGHT_WriteAPDPReg(AP reg 0x01, 0x80011140)
T1E08 000:452.463 - 0.174ms returns 0
T1E08 000:452.469 JLINK_CORESIGHT_ReadAPDPReg(AP reg 0x03)
T1E08 000:452.695   Value=0x00000000
T1E08 000:452.701 - 0.231ms returns 0
T1E08 000:452.706 JLINK_CORESIGHT_WriteAPDPReg(AP reg 0x00, 0x80000002)
T1E08 000:452.883 - 0.176ms returns 0
T1E08 000:452.888 JLINK_CORESIGHT_WriteAPDPReg(AP reg 0x01, 0x80011130)
T1E08 000:453.059 - 0.170ms returns 0
T1E08 000:453.064 JLINK_CORESIGHT_ReadAPDPReg(AP reg 0x03)
T1E08 000:453.292   Value=0x34325736
T1E08 000:453.298 - 0.233ms returns 0
T1E08 000:453.303 JLINK_CORESIGHT_WriteAPDPReg(AP reg 0x00, 0x80000002)
T1E08 000:453.487 - 0.184ms returns 0
T1E08 000:453.492 JLINK_CORESIGHT_WriteAPDPReg(AP reg 0x01, 0x80011140)
T1E08 000:453.665 - 0.172ms returns 0
T1E08 000:453.670 JLINK_CORESIGHT_ReadAPDPReg(AP reg 0x03)
T1E08 000:453.894   Value=0x00000000
T1E08 000:453.899 - 0.229ms returns 0
T1E08 000:453.904 JLINK_CORESIGHT_WriteAPDPReg(AP reg 0x00, 0x80000002)
T1E08 000:454.078 - 0.173ms returns 0
T1E08 000:454.084 JLINK_CORESIGHT_WriteAPDPReg(AP reg 0x01, 0x80011130)
T1E08 000:454.258 - 0.173ms returns 0
T1E08 000:454.263 JLINK_CORESIGHT_ReadAPDPReg(AP reg 0x03)
T1E08 000:454.489   Value=0x78082D30
T1E08 000:454.494 - 0.231ms returns 0
T1E08 000:454.499 JLINK_CORESIGHT_WriteAPDPReg(AP reg 0x00, 0x80000002)
T1E08 000:454.673 - 0.172ms returns 0
T1E08 000:454.683 JLINK_CORESIGHT_WriteAPDPReg(AP reg 0x01, 0x80011140)
T1E08 000:454.864 - 0.181ms returns 0
T1E08 000:454.870 JLINK_CORESIGHT_ReadAPDPReg(AP reg 0x03)
T1E08 000:455.094   Value=0x00000000
T1E08 000:455.100 - 0.230ms returns 0
T1E08 000:455.105 JLINK_CORESIGHT_WriteAPDPReg(AP reg 0x00, 0x80000002)
T1E08 000:455.284 - 0.178ms returns 0
T1E08 000:455.289 JLINK_CORESIGHT_WriteAPDPReg(AP reg 0x01, 0x80011130)
T1E08 000:455.463 - 0.174ms returns 0
T1E08 000:455.469 JLINK_CORESIGHT_ReadAPDPReg(AP reg 0x03)
T1E08 000:455.691   Value=0x4B375275
T1E08 000:455.697 - 0.228ms returns 0
T1E08 000:455.702 JLINK_CORESIGHT_WriteAPDPReg(AP reg 0x00, 0x80000002)
T1E08 000:455.876 - 0.174ms returns 0
T1E08 000:455.882 JLINK_CORESIGHT_WriteAPDPReg(AP reg 0x01, 0x80011140)
T1E08 000:456.053 - 0.171ms returns 0
T1E08 000:456.059 JLINK_CORESIGHT_ReadAPDPReg(AP reg 0x03)
T1E08 000:456.284   Value=0x00000000
T1E08 000:456.289 - 0.230ms returns 0
T1E08 000:456.294 JLINK_CORESIGHT_WriteAPDPReg(AP reg 0x00, 0x80000002)
T1E08 000:456.468 - 0.173ms returns 0
T1E08 000:456.474 JLINK_CORESIGHT_WriteAPDPReg(AP reg 0x01, 0x80011130)
T1E08 000:456.648 - 0.174ms returns 0
T1E08 000:456.653 JLINK_CORESIGHT_ReadAPDPReg(AP reg 0x03)
T1E08 000:456.892   Value=0x31503841
T1E08 000:456.897 - 0.244ms returns 0
T1E08 000:456.902 JLINK_CORESIGHT_WriteAPDPReg(AP reg 0x00, 0x80000002)
T1E08 000:457.079 - 0.176ms returns 0
T1E08 000:457.085 JLINK_CORESIGHT_WriteAPDPReg(AP reg 0x01, 0x80011140)
T1E08 000:457.258 - 0.173ms returns 0
T1E08 000:457.264 JLINK_CORESIGHT_ReadAPDPReg(AP reg 0x03)
T1E08 000:457.490   Value=0x00000000
T1E08 000:457.495 - 0.231ms returns 0
T1E08 000:457.500 JLINK_CORESIGHT_WriteAPDPReg(AP reg 0x00, 0x80000002)
T1E08 000:457.694 - 0.193ms returns 0
T1E08 000:457.704 JLINK_CORESIGHT_WriteAPDPReg(AP reg 0x01, 0x80011130)
T1E08 000:457.886 - 0.182ms returns 0
T1E08 000:457.892 JLINK_CORESIGHT_ReadAPDPReg(AP reg 0x03)
T1E08 000:458.114   Value=0x434C464B
T1E08 000:458.119 - 0.227ms returns 0
T1E08 000:458.125 JLINK_CORESIGHT_WriteAPDPReg(AP reg 0x00, 0x80000002)
T1E08 000:458.360 - 0.235ms returns 0
T1E08 000:458.365 JLINK_CORESIGHT_WriteAPDPReg(AP reg 0x01, 0x80011140)
T1E08 000:458.536 - 0.171ms returns 0
T1E08 000:458.542 JLINK_CORESIGHT_ReadAPDPReg(AP reg 0x03)
T1E08 000:458.769   Value=0x00000000
T1E08 000:458.775 - 0.233ms returns 0
T1E08 000:458.780 JLINK_CORESIGHT_WriteAPDPReg(AP reg 0x00, 0x80000002)
T1E08 000:458.954 - 0.173ms returns 0
T1E08 000:458.959 JLINK_CORESIGHT_WriteAPDPReg(AP reg 0x01, 0x80011130)
T1E08 000:459.135 - 0.175ms returns 0
T1E08 000:459.141 JLINK_CORESIGHT_ReadAPDPReg(AP reg 0x03)
T1E08 000:459.415   Value=0x20204341
T1E08 000:459.421 - 0.280ms returns 0
T1E08 000:459.426 JLINK_CORESIGHT_WriteAPDPReg(AP reg 0x00, 0x80000002)
T1E08 000:459.605 - 0.179ms returns 0
T1E08 000:459.610 JLINK_CORESIGHT_WriteAPDPReg(AP reg 0x01, 0x80011140)
T1E08 000:459.786 - 0.175ms returns 0
T1E08 000:459.791 JLINK_CORESIGHT_ReadAPDPReg(AP reg 0x03)
T1E08 000:460.016   Value=0x00000000
T1E08 000:460.022 - 0.230ms returns 0
T1E08 000:460.027 JLINK_CORESIGHT_WriteAPDPReg(AP reg 0x00, 0x80000002)
T1E08 000:460.250 - 0.223ms returns 0
T1E08 000:460.256 JLINK_CORESIGHT_WriteAPDPReg(AP reg 0x01, 0x80011130)
T1E08 000:460.439 - 0.183ms returns 0
T1E08 000:460.445 JLINK_CORESIGHT_ReadAPDPReg(AP reg 0x03)
T1E08 000:460.676   Value=0x00034020
T1E08 000:460.682 - 0.237ms returns 0
T1E08 000:460.734 JLINK_CORESIGHT_WriteAPDPReg(AP reg 0x00, 0x80000002)
T1E08 000:460.930 - 0.196ms returns 0
T1E08 000:460.936 JLINK_CORESIGHT_WriteAPDPReg(AP reg 0x01, 0x80011140)
T1E08 000:461.112 - 0.176ms returns 0
T1E08 000:461.117 JLINK_CORESIGHT_ReadAPDPReg(AP reg 0x03)
T1E08 000:461.403   Value=0x00000002
T1E08 000:461.408 - 0.290ms returns 0
T1E08 000:461.414 JLINK_CORESIGHT_WriteAPDPReg(AP reg 0x00, 0x80000002)
T1E08 000:461.590 - 0.176ms returns 0
T1E08 000:461.595 JLINK_CORESIGHT_WriteAPDPReg(AP reg 0x01, 0x80011120)
T1E08 000:461.766 - 0.170ms returns 0
T1E08 000:461.771 JLINK_CORESIGHT_WriteAPDPReg(AP reg 0x03, 0x39020001)
T1E08 000:461.947 - 0.175ms returns 0
T1E08 000:461.952 JLINK_CORESIGHT_WriteAPDPReg(AP reg 0x00, 0x80000002)
T1E08 000:462.125 - 0.172ms returns 0
T1E08 000:462.130 JLINK_CORESIGHT_WriteAPDPReg(AP reg 0x01, 0x80011140)
T1E08 000:462.360 - 0.229ms returns 0
T1E08 000:462.365 JLINK_CORESIGHT_ReadAPDPReg(AP reg 0x03)
T1E08 000:462.590   Value=0x00000002
T1E08 000:462.595 - 0.230ms returns 0
T1E08 000:462.601 JLINK_CORESIGHT_WriteAPDPReg(AP reg 0x00, 0x80000002)
T1E08 000:462.773 - 0.172ms returns 0
T1E08 000:462.779 JLINK_CORESIGHT_WriteAPDPReg(AP reg 0x01, 0x80011120)
T1E08 000:462.954 - 0.176ms returns 0
T1E08 000:462.960 JLINK_CORESIGHT_WriteAPDPReg(AP reg 0x03, 0x0003B312)
T1E08 000:463.135 - 0.175ms returns 0
T1E08 000:463.141 JLINK_CORESIGHT_WriteAPDPReg(AP reg 0x00, 0x80000002)
T1E08 000:463.359 - 0.218ms returns 0
T1E08 000:463.364 JLINK_CORESIGHT_WriteAPDPReg(AP reg 0x01, 0x80011140)
T1E08 000:463.544 - 0.180ms returns 0
T1E08 000:463.550 JLINK_CORESIGHT_ReadAPDPReg(AP reg 0x03)
T1E08 000:463.777   Value=0x00000000
T1E08 000:463.782 - 0.232ms returns 0
T1E08 000:463.789 JLINK_CORESIGHT_WriteAPDPReg(AP reg 0x00, 0x80000002)
T1E08 000:463.971 - 0.182ms returns 0
T1E08 000:463.976 JLINK_CORESIGHT_WriteAPDPReg(AP reg 0x01, 0x80011130)
T1E08 000:464.152 - 0.175ms returns 0
T1E08 000:464.159 JLINK_CORESIGHT_ReadAPDPReg(AP reg 0x03)
T1E08 000:464.408   Value=0xB90A0081
T1E08 000:464.414 - 0.255ms returns 0
T1E08 000:464.419 JLINK_CORESIGHT_WriteAPDPReg(AP reg 0x00, 0x80000002)
T1E08 000:464.601 - 0.181ms returns 0
T1E08 000:464.611 JLINK_CORESIGHT_WriteAPDPReg(AP reg 0x01, 0x80011140)
T1E08 000:464.791 - 0.180ms returns 0
T1E08 000:464.798 JLINK_CORESIGHT_ReadAPDPReg(AP reg 0x03)
T1E08 000:465.019   Value=0x00000000
T1E08 000:465.025 - 0.227ms returns 0
T1E08 000:465.030 JLINK_CORESIGHT_WriteAPDPReg(AP reg 0x00, 0x80000002)
T1E08 000:465.249 - 0.219ms returns 0
T1E08 000:465.255 JLINK_CORESIGHT_WriteAPDPReg(AP reg 0x01, 0x80011130)
T1E08 000:465.428 - 0.173ms returns 0
T1E08 000:465.434 JLINK_CORESIGHT_ReadAPDPReg(AP reg 0x03)
T1E08 000:465.661   Value=0xFFFFFFC0
T1E08 000:465.666 - 0.232ms returns 0
T1E08 000:465.672 JLINK_CORESIGHT_WriteAPDPReg(AP reg 0x00, 0x80000002)
T1E08 000:465.844 - 0.172ms returns 0
T1E08 000:465.850 JLINK_CORESIGHT_WriteAPDPReg(AP reg 0x01, 0x80011140)
T1E08 000:466.020 - 0.170ms returns 0
T1E08 000:466.025 JLINK_CORESIGHT_ReadAPDPReg(AP reg 0x03)
T1E08 000:466.256   Value=0x00000000
T1E08 000:466.262 - 0.237ms returns 0
T1E08 000:466.267 JLINK_CORESIGHT_WriteAPDPReg(AP reg 0x00, 0x80000002)
T1E08 000:466.447 - 0.180ms returns 0
T1E08 000:466.453 JLINK_CORESIGHT_WriteAPDPReg(AP reg 0x01, 0x80011130)
T1E08 000:466.622 - 0.169ms returns 0
T1E08 000:466.630 JLINK_CORESIGHT_ReadAPDPReg(AP reg 0x03)
T1E08 000:466.911   Value=0xFFFFFFFF
T1E08 000:466.917 - 0.287ms returns 0
T1E08 000:466.924 JLINK_CORESIGHT_WriteAPDPReg(AP reg 0x00, 0x80000002)
T1E08 000:467.144 - 0.220ms returns 0
T1E08 000:467.152 JLINK_CORESIGHT_WriteAPDPReg(AP reg 0x01, 0x80011140)
T1E08 000:467.377 - 0.225ms returns 0
T1E08 000:467.384 JLINK_CORESIGHT_ReadAPDPReg(AP reg 0x03)
T1E08 000:467.677   Value=0x00000000
T1E08 000:467.691 - 0.306ms returns 0
T1E08 000:467.700 JLINK_CORESIGHT_WriteAPDPReg(AP reg 0x00, 0x80000002)
T1E08 000:467.936 - 0.236ms returns 0
T1E08 000:467.943 JLINK_CORESIGHT_WriteAPDPReg(AP reg 0x01, 0x80011130)
T1E08 000:468.179 - 0.235ms returns 0
T1E08 000:468.186 JLINK_CORESIGHT_ReadAPDPReg(AP reg 0x03)
T1E08 000:468.437   Value=0x000385FF
T1E08 000:468.443 - 0.256ms returns 0
T1E08 000:468.800 JLINK_CORESIGHT_WriteAPDPReg(AP reg 0x00, 0x80000002)
T1E08 000:469.002 - 0.202ms returns 0
T1E08 000:469.008 JLINK_CORESIGHT_WriteAPDPReg(AP reg 0x01, 0x80011140)
T1E08 000:469.250 - 0.241ms returns 0
T1E08 000:469.256 JLINK_CORESIGHT_ReadAPDPReg(AP reg 0x03)
T1E08 000:469.486   Value=0x00000002
T1E08 000:469.492 - 0.236ms returns 0
T1E08 000:469.497 JLINK_CORESIGHT_WriteAPDPReg(AP reg 0x00, 0x80000002)
T1E08 000:469.670 - 0.173ms returns 0
T1E08 000:469.676 JLINK_CORESIGHT_WriteAPDPReg(AP reg 0x01, 0x80011120)
T1E08 000:469.842 - 0.166ms returns 0
T1E08 000:469.847 JLINK_CORESIGHT_WriteAPDPReg(AP reg 0x03, 0x2C010001)
T1E08 000:470.019 - 0.172ms returns 0
T1E08 000:470.025 JLINK_CORESIGHT_WriteAPDPReg(AP reg 0x00, 0x80000002)
T1E08 000:470.250 - 0.225ms returns 0
T1E08 000:470.255 JLINK_CORESIGHT_WriteAPDPReg(AP reg 0x01, 0x80011140)
T1E08 000:470.429 - 0.173ms returns 0
T1E08 000:470.435 JLINK_CORESIGHT_ReadAPDPReg(AP reg 0x03)
T1E08 000:470.662   Value=0x00000002
T1E08 000:470.667 - 0.232ms returns 0
T1E08 000:470.672 JLINK_CORESIGHT_WriteAPDPReg(AP reg 0x00, 0x80000002)
T1E08 000:470.843 - 0.170ms returns 0
T1E08 000:470.848 JLINK_CORESIGHT_WriteAPDPReg(AP reg 0x01, 0x80011120)
T1E08 000:471.019 - 0.171ms returns 0
T1E08 000:471.025 JLINK_CORESIGHT_WriteAPDPReg(AP reg 0x03, 0x000003D3)
T1E08 000:471.250 - 0.225ms returns 0
T1E08 000:471.256 JLINK_CORESIGHT_WriteAPDPReg(AP reg 0x00, 0x80000002)
T1E08 000:471.429 - 0.173ms returns 0
T1E08 000:471.435 JLINK_CORESIGHT_WriteAPDPReg(AP reg 0x01, 0x80011140)
T1E08 000:471.610 - 0.175ms returns 0
T1E08 000:471.616 JLINK_CORESIGHT_ReadAPDPReg(AP reg 0x03)
T1E08 000:471.834   Value=0x00000002
T1E08 000:471.839 - 0.223ms returns 0
T1E08 000:471.844 JLINK_CORESIGHT_ReadAPDPReg(AP reg 0x03)
T1E08 000:472.068   Value=0x00000002
T1E08 000:472.073 - 0.229ms returns 0
T1E08 000:472.078 JLINK_CORESIGHT_ReadAPDPReg(AP reg 0x03)
T1E08 000:472.293   Value=0x00000002
T1E08 000:472.299 - 0.220ms returns 0
T1E08 000:472.304 JLINK_CORESIGHT_ReadAPDPReg(AP reg 0x03)
T1E08 000:472.528   Value=0x00000002
T1E08 000:472.534 - 0.229ms returns 0
T1E08 000:472.539 JLINK_CORESIGHT_ReadAPDPReg(AP reg 0x03)
T1E08 000:472.761   Value=0x00000002
T1E08 000:472.766 - 0.227ms returns 0
T1E08 000:472.772 JLINK_CORESIGHT_ReadAPDPReg(AP reg 0x03)
T1E08 000:472.992   Value=0x00000002
T1E08 000:472.997 - 0.225ms returns 0
T1E08 000:473.002 JLINK_CORESIGHT_ReadAPDPReg(AP reg 0x03)
T1E08 000:473.250   Value=0x00000002
T1E08 000:473.256 - 0.253ms returns 0
T1E08 000:473.261 JLINK_CORESIGHT_ReadAPDPReg(AP reg 0x03)
T1E08 000:473.473   Value=0x00000002
T1E08 000:473.478 - 0.217ms returns 0
T1E08 000:473.483 JLINK_CORESIGHT_ReadAPDPReg(AP reg 0x03)
T1E08 000:473.696   Value=0x00000000
T1E08 000:473.702 - 0.218ms returns 0
T1E08 000:473.707 JLINK_CORESIGHT_WriteAPDPReg(AP reg 0x00, 0x80000002)
T1E08 000:473.879 - 0.172ms returns 0
T1E08 000:473.884 JLINK_CORESIGHT_WriteAPDPReg(AP reg 0x01, 0x80011130)
T1E08 000:474.057 - 0.172ms returns 0
T1E08 000:474.063 JLINK_CORESIGHT_ReadAPDPReg(AP reg 0x03)
T1E08 000:474.287   Value=0x2C020081
T1E08 000:474.293 - 0.230ms returns 0
T1E08 000:474.298 JLINK_CORESIGHT_WriteAPDPReg(AP reg 0x00, 0x80000002)
T1E08 000:474.474 - 0.176ms returns 0
T1E08 000:474.480 JLINK_CORESIGHT_WriteAPDPReg(AP reg 0x01, 0x80011140)
T1E08 000:474.658 - 0.178ms returns 0
T1E08 000:474.663 JLINK_CORESIGHT_ReadAPDPReg(AP reg 0x03)
T1E08 000:474.892   Value=0x00000000
T1E08 000:474.897 - 0.234ms returns 0
T1E08 000:474.902 JLINK_CORESIGHT_WriteAPDPReg(AP reg 0x00, 0x80000002)
T1E08 000:475.090 - 0.187ms returns 0
T1E08 000:475.106 JLINK_CORESIGHT_WriteAPDPReg(AP reg 0x01, 0x80011130)
T1E08 000:475.362 - 0.257ms returns 0
T1E08 000:475.373 JLINK_CORESIGHT_ReadAPDPReg(AP reg 0x03)
T1E08 000:475.611   Value=0x0003CE04
T1E08 000:475.617 - 0.243ms returns 0
T1E08 000:475.624 JLINK_CORESIGHT_WriteAPDPReg(AP reg 0x00, 0x80000002)
T1E08 000:475.800 - 0.176ms returns 0
T1E08 000:475.805 JLINK_CORESIGHT_WriteAPDPReg(AP reg 0x01, 0x80011140)
T1E08 000:475.989 - 0.183ms returns 0
T1E08 000:475.994 JLINK_CORESIGHT_ReadAPDPReg(AP reg 0x03)
T1E08 000:476.250   Value=0x00000002
T1E08 000:476.256 - 0.261ms returns 0
T1E08 000:476.261 JLINK_CORESIGHT_WriteAPDPReg(AP reg 0x00, 0x80000002)
T1E08 000:476.438 - 0.176ms returns 0
T1E08 000:476.443 JLINK_CORESIGHT_WriteAPDPReg(AP reg 0x01, 0x80011120)
T1E08 000:476.617 - 0.173ms returns 0
T1E08 000:476.622 JLINK_CORESIGHT_WriteAPDPReg(AP reg 0x03, 0x73010001)
T1E08 000:476.796 - 0.173ms returns 0
T1E08 000:476.801 JLINK_CORESIGHT_WriteAPDPReg(AP reg 0x00, 0x80000002)
T1E08 000:476.985 - 0.184ms returns 0
T1E08 000:476.991 JLINK_CORESIGHT_WriteAPDPReg(AP reg 0x01, 0x80011140)
T1E08 000:477.172 - 0.181ms returns 0
T1E08 000:477.182 JLINK_CORESIGHT_ReadAPDPReg(AP reg 0x03)
T1E08 000:477.419   Value=0x00000002
T1E08 000:477.425 - 0.243ms returns 0
T1E08 000:477.431 JLINK_CORESIGHT_WriteAPDPReg(AP reg 0x00, 0x80000002)
T1E08 000:477.610 - 0.179ms returns 0
T1E08 000:477.616 JLINK_CORESIGHT_WriteAPDPReg(AP reg 0x01, 0x80011120)
T1E08 000:477.796 - 0.179ms returns 0
T1E08 000:477.801 JLINK_CORESIGHT_WriteAPDPReg(AP reg 0x03, 0x0000038C)
T1E08 000:477.985 - 0.184ms returns 0
T1E08 000:477.991 JLINK_CORESIGHT_WriteAPDPReg(AP reg 0x00, 0x80000002)
T1E08 000:478.172 - 0.180ms returns 0
T1E08 000:478.187 JLINK_CORESIGHT_WriteAPDPReg(AP reg 0x01, 0x80011140)
T1E08 000:478.380 - 0.192ms returns 0
T1E08 000:478.387 JLINK_CORESIGHT_ReadAPDPReg(AP reg 0x03)
T1E08 000:478.615   Value=0x00000000
T1E08 000:478.620 - 0.233ms returns 0
T1E08 000:478.626 JLINK_CORESIGHT_WriteAPDPReg(AP reg 0x00, 0x80000002)
T1E08 000:478.804 - 0.178ms returns 0
T1E08 000:478.810 JLINK_CORESIGHT_WriteAPDPReg(AP reg 0x01, 0x80011130)
T1E08 000:479.018 - 0.207ms returns 0
T1E08 000:479.025 JLINK_CORESIGHT_ReadAPDPReg(AP reg 0x03)
T1E08 000:479.252   Value=0x73020081
T1E08 000:479.258 - 0.233ms returns 0
T1E08 000:479.264 JLINK_CORESIGHT_WriteAPDPReg(AP reg 0x00, 0x80000002)
T1E08 000:479.438 - 0.174ms returns 0
T1E08 000:479.444 JLINK_CORESIGHT_WriteAPDPReg(AP reg 0x01, 0x80011140)
T1E08 000:479.613 - 0.169ms returns 0
T1E08 000:479.619 JLINK_CORESIGHT_ReadAPDPReg(AP reg 0x03)
T1E08 000:479.839   Value=0x00000000
T1E08 000:479.844 - 0.225ms returns 0
T1E08 000:479.850 JLINK_CORESIGHT_WriteAPDPReg(AP reg 0x00, 0x80000002)
T1E08 000:480.018 - 0.168ms returns 0
T1E08 000:480.024 JLINK_CORESIGHT_WriteAPDPReg(AP reg 0x01, 0x80011130)
T1E08 000:480.251 - 0.227ms returns 0
T1E08 000:480.256 JLINK_CORESIGHT_ReadAPDPReg(AP reg 0x03)
T1E08 000:480.485   Value=0x00038902
T1E08 000:480.491 - 0.234ms returns 0
T1E08 000:480.497 JLINK_CORESIGHT_WriteAPDPReg(AP reg 0x00, 0x80000002)
T1E08 000:480.683 - 0.186ms returns 0
T1E08 000:480.689 JLINK_CORESIGHT_WriteAPDPReg(AP reg 0x01, 0x80011140)
T1E08 000:480.861 - 0.172ms returns 0
T1E08 000:480.866 JLINK_CORESIGHT_ReadAPDPReg(AP reg 0x03)
T1E08 000:481.089   Value=0x00000002
T1E08 000:481.094 - 0.228ms returns 0
T1E08 000:481.100 JLINK_CORESIGHT_WriteAPDPReg(AP reg 0x00, 0x80000002)
T1E08 000:481.276 - 0.177ms returns 0
T1E08 000:481.282 JLINK_CORESIGHT_WriteAPDPReg(AP reg 0x01, 0x80011120)
T1E08 000:481.455 - 0.173ms returns 0
T1E08 000:481.461 JLINK_CORESIGHT_WriteAPDPReg(AP reg 0x03, 0x75010001)
T1E08 000:481.637 - 0.176ms returns 0
T1E08 000:481.642 JLINK_CORESIGHT_WriteAPDPReg(AP reg 0x00, 0x80000002)
T1E08 000:481.814 - 0.171ms returns 0
T1E08 000:481.819 JLINK_CORESIGHT_WriteAPDPReg(AP reg 0x01, 0x80011140)
T1E08 000:481.992 - 0.173ms returns 0
T1E08 000:481.998 JLINK_CORESIGHT_ReadAPDPReg(AP reg 0x03)
T1E08 000:482.251   Value=0x00000002
T1E08 000:482.256 - 0.258ms returns 0
T1E08 000:482.261 JLINK_CORESIGHT_WriteAPDPReg(AP reg 0x00, 0x80000002)
T1E08 000:482.438 - 0.177ms returns 0
T1E08 000:482.444 JLINK_CORESIGHT_WriteAPDPReg(AP reg 0x01, 0x80011120)
T1E08 000:482.617 - 0.173ms returns 0
T1E08 000:482.623 JLINK_CORESIGHT_WriteAPDPReg(AP reg 0x03, 0x0000038A)
T1E08 000:482.794 - 0.171ms returns 0
T1E08 000:482.800 JLINK_CORESIGHT_WriteAPDPReg(AP reg 0x00, 0x80000002)
T1E08 000:482.973 - 0.172ms returns 0
T1E08 000:482.978 JLINK_CORESIGHT_WriteAPDPReg(AP reg 0x01, 0x80011140)
T1E08 000:483.154 - 0.176ms returns 0
T1E08 000:483.159 JLINK_CORESIGHT_ReadAPDPReg(AP reg 0x03)
T1E08 000:483.410   Value=0x00000002
T1E08 000:483.416 - 0.256ms returns 0
T1E08 000:483.421 JLINK_CORESIGHT_ReadAPDPReg(AP reg 0x03)
T1E08 000:483.635   Value=0x00000002
T1E08 000:483.640 - 0.219ms returns 0
T1E08 000:483.645 JLINK_CORESIGHT_ReadAPDPReg(AP reg 0x03)
T1E08 000:483.866   Value=0x00000002
T1E08 000:483.872 - 0.227ms returns 0
T1E08 000:483.877 JLINK_CORESIGHT_ReadAPDPReg(AP reg 0x03)
T1E08 000:484.097   Value=0x00000002
T1E08 000:484.102 - 0.225ms returns 0
T1E08 000:484.107 JLINK_CORESIGHT_ReadAPDPReg(AP reg 0x03)
T1E08 000:484.320   Value=0x00000002
T1E08 000:484.326 - 0.218ms returns 0
T1E08 000:484.331 JLINK_CORESIGHT_ReadAPDPReg(AP reg 0x03)
T1E08 000:484.546   Value=0x00000002
T1E08 000:484.552 - 0.221ms returns 0
T1E08 000:484.557 JLINK_CORESIGHT_ReadAPDPReg(AP reg 0x03)
T1E08 000:484.779   Value=0x00000002
T1E08 000:484.785 - 0.228ms returns 0
T1E08 000:484.790 JLINK_CORESIGHT_ReadAPDPReg(AP reg 0x03)
T1E08 000:485.003   Value=0x00000002
T1E08 000:485.009 - 0.219ms returns 0
T1E08 000:485.014 JLINK_CORESIGHT_ReadAPDPReg(AP reg 0x03)
T1E08 000:485.270   Value=0x00000002
T1E08 000:485.279 - 0.265ms returns 0
T1E08 000:485.285 JLINK_CORESIGHT_ReadAPDPReg(AP reg 0x03)
T1E08 000:485.520   Value=0x00000002
T1E08 000:485.526 - 0.240ms returns 0
T1E08 000:485.531 JLINK_CORESIGHT_ReadAPDPReg(AP reg 0x03)
T1E08 000:485.753   Value=0x00000002
T1E08 000:485.759 - 0.227ms returns 0
T1E08 000:485.764 JLINK_CORESIGHT_ReadAPDPReg(AP reg 0x03)
T1E08 000:485.991   Value=0x00000002
T1E08 000:485.999 - 0.234ms returns 0
T1E08 000:486.004 JLINK_CORESIGHT_ReadAPDPReg(AP reg 0x03)
T1E08 000:486.254   Value=0x00000002
T1E08 000:486.259 - 0.255ms returns 0
T1E08 000:486.264 JLINK_CORESIGHT_ReadAPDPReg(AP reg 0x03)
T1E08 000:486.488   Value=0x00000002
T1E08 000:486.494 - 0.229ms returns 0
T1E08 000:486.499 JLINK_CORESIGHT_ReadAPDPReg(AP reg 0x03)
T1E08 000:486.717   Value=0x00000002
T1E08 000:486.722 - 0.223ms returns 0
T1E08 000:486.728 JLINK_CORESIGHT_ReadAPDPReg(AP reg 0x03)
T1E08 000:486.958   Value=0x00000000
T1E08 000:486.964 - 0.236ms returns 0
T1E08 000:486.969 JLINK_CORESIGHT_WriteAPDPReg(AP reg 0x00, 0x80000002)
T1E08 000:487.148 - 0.179ms returns 0
T1E08 000:487.153 JLINK_CORESIGHT_WriteAPDPReg(AP reg 0x01, 0x80011130)
T1E08 000:487.361 - 0.207ms returns 0
T1E08 000:487.366 JLINK_CORESIGHT_ReadAPDPReg(AP reg 0x03)
T1E08 000:487.589   Value=0x75020081
T1E08 000:487.595 - 0.228ms returns 0
T1E08 000:487.600 JLINK_CORESIGHT_WriteAPDPReg(AP reg 0x00, 0x80000002)
T1E08 000:487.781 - 0.180ms returns 0
T1E08 000:487.786 JLINK_CORESIGHT_WriteAPDPReg(AP reg 0x01, 0x80011140)
T1E08 000:487.986 - 0.199ms returns 0
T1E08 000:487.992 JLINK_CORESIGHT_ReadAPDPReg(AP reg 0x03)
T1E08 000:488.251   Value=0x00000000
T1E08 000:488.257 - 0.265ms returns 0
T1E08 000:488.262 JLINK_CORESIGHT_WriteAPDPReg(AP reg 0x00, 0x80000002)
T1E08 000:488.439 - 0.176ms returns 0
T1E08 000:488.444 JLINK_CORESIGHT_WriteAPDPReg(AP reg 0x01, 0x80011130)
T1E08 000:488.655 - 0.210ms returns 0
T1E08 000:488.672 JLINK_CORESIGHT_ReadAPDPReg(AP reg 0x03)
T1E08 000:488.908   Value=0x00038702
T1E08 000:488.914 - 0.242ms returns 0
T1E08 000:488.922 JLINK_CORESIGHT_WriteAPDPReg(AP reg 0x00, 0x80000002)
T1E08 000:489.093 - 0.170ms returns 0
T1E08 000:489.098 JLINK_CORESIGHT_WriteAPDPReg(AP reg 0x01, 0x80011140)
T1E08 000:489.268 - 0.169ms returns 0
T1E08 000:489.274 JLINK_CORESIGHT_ReadAPDPReg(AP reg 0x03)
T1E08 000:489.505   Value=0x00000002
T1E08 000:489.510 - 0.236ms returns 0
T1E08 000:489.515 JLINK_CORESIGHT_WriteAPDPReg(AP reg 0x00, 0x80000002)
T1E08 000:489.688 - 0.173ms returns 0
T1E08 000:489.694 JLINK_CORESIGHT_WriteAPDPReg(AP reg 0x01, 0x80011120)
T1E08 000:489.868 - 0.174ms returns 0
T1E08 000:489.873 JLINK_CORESIGHT_WriteAPDPReg(AP reg 0x03, 0x4F010001)
T1E08 000:490.044 - 0.171ms returns 0
T1E08 000:490.050 JLINK_CORESIGHT_WriteAPDPReg(AP reg 0x00, 0x80000002)
T1E08 000:490.251 - 0.201ms returns 0
T1E08 000:490.257 JLINK_CORESIGHT_WriteAPDPReg(AP reg 0x01, 0x80011140)
T1E08 000:490.430 - 0.173ms returns 0
T1E08 000:490.436 JLINK_CORESIGHT_ReadAPDPReg(AP reg 0x03)
T1E08 000:490.658   Value=0x00000002
T1E08 000:490.664 - 0.228ms returns 0
T1E08 000:490.669 JLINK_CORESIGHT_WriteAPDPReg(AP reg 0x00, 0x80000002)
T1E08 000:490.843 - 0.174ms returns 0
T1E08 000:490.848 JLINK_CORESIGHT_WriteAPDPReg(AP reg 0x01, 0x80011120)
T1E08 000:491.021 - 0.172ms returns 0
T1E08 000:491.026 JLINK_CORESIGHT_WriteAPDPReg(AP reg 0x03, 0x000003B0)
T1E08 000:491.251 - 0.225ms returns 0
T1E08 000:491.257 JLINK_CORESIGHT_WriteAPDPReg(AP reg 0x00, 0x80000002)
T1E08 000:491.431 - 0.174ms returns 0
T1E08 000:491.437 JLINK_CORESIGHT_WriteAPDPReg(AP reg 0x01, 0x80011140)
T1E08 000:491.613 - 0.176ms returns 0
T1E08 000:491.619 JLINK_CORESIGHT_ReadAPDPReg(AP reg 0x03)
T1E08 000:491.848   Value=0x00000002
T1E08 000:491.854 - 0.235ms returns 0
T1E08 000:491.859 JLINK_CORESIGHT_ReadAPDPReg(AP reg 0x03)
T1E08 000:492.072   Value=0x00000002
T1E08 000:492.078 - 0.219ms returns 0
T1E08 000:492.083 JLINK_CORESIGHT_ReadAPDPReg(AP reg 0x03)
T1E08 000:492.294   Value=0x00000002
T1E08 000:492.300 - 0.216ms returns 0
T1E08 000:492.305 JLINK_CORESIGHT_ReadAPDPReg(AP reg 0x03)
T1E08 000:492.529   Value=0x00000002
T1E08 000:492.535 - 0.229ms returns 0
T1E08 000:492.540 JLINK_CORESIGHT_ReadAPDPReg(AP reg 0x03)
T1E08 000:492.754   Value=0x00000002
T1E08 000:492.759 - 0.219ms returns 0
T1E08 000:492.764 JLINK_CORESIGHT_ReadAPDPReg(AP reg 0x03)
T1E08 000:492.991   Value=0x00000002
T1E08 000:492.999 - 0.234ms returns 0
T1E08 000:493.004 JLINK_CORESIGHT_ReadAPDPReg(AP reg 0x03)
T1E08 000:493.254   Value=0x00000002
T1E08 000:493.259 - 0.255ms returns 0
T1E08 000:493.265 JLINK_CORESIGHT_ReadAPDPReg(AP reg 0x03)
T1E08 000:493.490   Value=0x00000000
T1E08 000:493.495 - 0.230ms returns 0
T1E08 000:493.500 JLINK_CORESIGHT_WriteAPDPReg(AP reg 0x00, 0x80000002)
T1E08 000:493.685 - 0.185ms returns 0
T1E08 000:493.693 JLINK_CORESIGHT_WriteAPDPReg(AP reg 0x01, 0x80011130)
T1E08 000:493.917 - 0.224ms returns 0
T1E08 000:493.925 JLINK_CORESIGHT_ReadAPDPReg(AP reg 0x03)
T1E08 000:494.254   Value=0x4F0B0081
T1E08 000:494.260 - 0.335ms returns 0
T1E08 000:494.267 JLINK_CORESIGHT_WriteAPDPReg(AP reg 0x00, 0x80000002)
T1E08 000:494.491 - 0.224ms returns 0
T1E08 000:494.498 JLINK_CORESIGHT_WriteAPDPReg(AP reg 0x01, 0x80011140)
T1E08 000:494.717 - 0.218ms returns 0
T1E08 000:494.733 JLINK_CORESIGHT_ReadAPDPReg(AP reg 0x03)
T1E08 000:495.011   Value=0x00000000
T1E08 000:495.017 - 0.283ms returns 0
T1E08 000:495.024 JLINK_CORESIGHT_WriteAPDPReg(AP reg 0x00, 0x80000002)
T1E08 000:495.252 - 0.227ms returns 0
T1E08 000:495.259 JLINK_CORESIGHT_WriteAPDPReg(AP reg 0x01, 0x80011130)
T1E08 000:495.486 - 0.227ms returns 0
T1E08 000:495.494 JLINK_CORESIGHT_ReadAPDPReg(AP reg 0x03)
T1E08 000:495.776   Value=0x00040000
T1E08 000:495.791 - 0.297ms returns 0
T1E08 000:495.805 JLINK_CORESIGHT_WriteAPDPReg(AP reg 0x00, 0x80000002)
T1E08 000:496.030 - 0.224ms returns 0
T1E08 000:496.043 JLINK_CORESIGHT_WriteAPDPReg(AP reg 0x01, 0x80011140)
T1E08 000:496.271 - 0.228ms returns 0
T1E08 000:496.283 JLINK_CORESIGHT_ReadAPDPReg(AP reg 0x03)
T1E08 000:496.558   Value=0x00000000
T1E08 000:496.566 - 0.283ms returns 0
T1E08 000:496.577 JLINK_CORESIGHT_WriteAPDPReg(AP reg 0x00, 0x80000002)
T1E08 000:496.803 - 0.226ms returns 0
T1E08 000:496.818 JLINK_CORESIGHT_WriteAPDPReg(AP reg 0x01, 0x80011130)
T1E08 000:497.046 - 0.227ms returns 0
T1E08 000:497.060 JLINK_CORESIGHT_ReadAPDPReg(AP reg 0x03)
T1E08 000:497.319   Value=0x00000000
T1E08 000:497.329 - 0.269ms returns 0
T1E08 000:497.338 JLINK_CORESIGHT_WriteAPDPReg(AP reg 0x00, 0x80000002)
T1E08 000:497.751 - 0.408ms returns 0
T1E08 000:497.869 JLINK_CORESIGHT_WriteAPDPReg(AP reg 0x01, 0x80011140)
T1E08 000:498.445 - 0.574ms returns 0
T1E08 000:498.519 JLINK_CORESIGHT_ReadAPDPReg(AP reg 0x03)
T1E08 000:499.020   Value=0x00000000
T1E08 000:499.086 - 0.568ms returns 0
T1E08 000:499.102 JLINK_CORESIGHT_WriteAPDPReg(AP reg 0x00, 0x80000002)
T1E08 000:499.369 - 0.267ms returns 0
T1E08 000:499.384 JLINK_CORESIGHT_WriteAPDPReg(AP reg 0x01, 0x80011130)
T1E08 000:499.563 - 0.179ms returns 0
T1E08 000:499.578 JLINK_CORESIGHT_ReadAPDPReg(AP reg 0x03)
T1E08 000:499.810   Value=0x03A20000
T1E08 000:499.817 - 0.238ms returns 0
T1E08 000:500.104 JLINK_CORESIGHT_ReadAPDPReg(DP reg 0x01)
T1E08 000:500.369   Value=0xF0000F40
T1E08 000:500.375 - 0.271ms returns 0
T1E08 000:500.380 JLINK_CORESIGHT_WriteAPDPReg(DP reg 0x01, 0xA0000F40)
T1E08 000:500.560 - 0.179ms returns 0
T1E08 000:500.566 JLINK_CORESIGHT_ReadAPDPReg(DP reg 0x01)
T1E08 000:500.756   Value=0x00000F40
T1E08 000:500.761 - 0.195ms returns 0
T1E08 000:500.767 JLINK_ClrRESET()
T1E08 000:500.914 - 0.146ms 
T1E08 000:602.897 JLINK_Close()
T1E08 000:611.960 - 9.062ms
T1E08 000:611.984   
T1E08 000:611.990   Closed
